#
# A fatal error has been detected by the Java Runtime Environment:
#
#  EXCEPTION_ACCESS_VIOLATION (0xc0000005) at pc=0x5ee18ff6, pid=360, tid=0x00000524
#
# JRE version: Java(TM) SE Runtime Environment (8.0_121-b13) (build 1.8.0_121-b13)
# Java VM: Java HotSpot(TM) Client VM (25.121-b13 mixed mode windows-x86 )
# Problematic frame:
# C  [bwapi_bridge2_5.dll+0x58ff6]
#
# Failed to write core dump. Minidumps are not enabled by default on client versions of Windows
#
# If you would like to submit a bug report, please visit:
#   http://bugreport.java.com/bugreport/crash.jsp
# The crash happened outside the Java Virtual Machine in native code.
# See problematic frame for where to report the bug.
#

---------------  T H R E A D  ---------------

Current thread (0x00c48400):  JavaThread "main" [_thread_in_native, id=1316, stack(0x00250000,0x002a0000)]

siginfo: ExceptionCode=0xc0000005, reading address 0x00000000

Registers:
EAX=0x00000000, EBX=0x14262040, ECX=0x00c48540, EDX=0x14264c30
ESP=0x0029da78, EBP=0x0029da78, ESI=0x14262040, EDI=0x00c48400
EIP=0x5ee18ff6, EFLAGS=0x00010283

Top of Stack: (sp=0x0029da78)
0x0029da78:   0029dab8 01f2d3d3 00c48540 0029dad0
0x0029da88:   00000000 00000000 142b6833 000000b6
0x0029da98:   0029da98 00000000 0029dad0 14264c30
0x0029daa8:   00000000 14262040 00000000 0029dac8
0x0029dab8:   0029daf4 01f247b4 00000000 01f29d26
0x0029dac8:   00000000 00000000 0955a030 0029dad4
0x0029dad8:   1425fe75 0029dafc 14264c30 00000000
0x0029dae8:   1425fe80 0029dac8 0029dafc 0029db28 

Instructions: (pc=0x5ee18ff6)
0x5ee18fd6:   fc 5e 72 02 8b 12 8b 45 08 52 50 8b 08 8b 81 9c
0x5ee18fe6:   02 00 00 ff d0 5d c2 10 00 cc 55 8b ec 8b 45 10
0x5ee18ff6:   8b 00 85 c0 78 07 3d e9 00 00 00 7e 05 b8 e9 00
0x5ee19006:   00 00 8d 04 40 83 3c c5 7c b8 fc 5e 10 8d 14 c5 


Register to memory mapping:

EAX=0x00000000 is an unknown value
EBX={method} {0x14262044} 'toString_native' '(J)Ljava/lang/String;' in 'bwapi/UnitType'
ECX=0x00c48540 is an unknown value
EDX=0x14264c30 is pointing into metadata
ESP=0x0029da78 is pointing into the stack for thread: 0x00c48400
EBP=0x0029da78 is pointing into the stack for thread: 0x00c48400
ESI={method} {0x14262044} 'toString_native' '(J)Ljava/lang/String;' in 'bwapi/UnitType'
EDI=0x00c48400 is a thread


Stack: [0x00250000,0x002a0000],  sp=0x0029da78,  free space=310k
Native frames: (J=compiled Java code, j=interpreted, Vv=VM code, C=native code)
C  [bwapi_bridge2_5.dll+0x58ff6]
j  bwapi.UnitType.toString_native(J)Ljava/lang/String;+0
j  bwapi.UnitType.toString()Ljava/lang/String;+5
j  bot.Bot.onFrame()V+307
j  bwapi.AIModule.onFrame()V+11
v  ~StubRoutines::call_stub
V  [jvm.dll+0x15aa85]
V  [jvm.dll+0x220d7e]
V  [jvm.dll+0x15ab1e]
V  [jvm.dll+0xdcc7b]
V  [jvm.dll+0xdfc0c]
C  [bwapi_bridge2_5.dll+0x1b20d]
C  [bwapi_bridge2_5.dll+0x75101]
j  bwapi.Mirror.startGame()V+0
j  bot.Bot.run()V+15
j  problem.StarCraftBot.evaluate(Lec/EvolutionState;Lec/Individual;II)V+97
j  ec.gp.ge.GEProblem.evaluate(Lec/EvolutionState;Lec/Individual;II)V+107
j  ec.simple.SimpleEvaluator.evalPopChunk(Lec/EvolutionState;[I[IILec/simple/SimpleProblemForm;)V+83
j  ec.simple.SimpleEvaluator.evaluatePopulation(Lec/EvolutionState;)V+133
j  ec.simple.SimpleEvolutionState.evolve()I+49
j  ec.EvolutionState.run(I)V+23
j  ec.Evolve.main([Ljava/lang/String;)V+278
j  problem.StarCraftBot.run()V+3
j  problem.StarCraftBot.main([Ljava/lang/String;)V+4
v  ~StubRoutines::call_stub
V  [jvm.dll+0x15aa85]
V  [jvm.dll+0x220d7e]
V  [jvm.dll+0x15ab1e]
V  [jvm.dll+0xdca47]
V  [jvm.dll+0xe4fdf]
C  [javaw.exe+0x22ab]
C  [javaw.exe+0xaebf]
C  [javaw.exe+0xaf49]
C  [kernel32.dll+0x67646]
C  [ntdll.dll+0x40915]
C  [ntdll.dll+0x40b71]
C  0x00000000

Java frames: (J=compiled Java code, j=interpreted, Vv=VM code)
j  bwapi.UnitType.toString_native(J)Ljava/lang/String;+0
j  bwapi.UnitType.toString()Ljava/lang/String;+5
j  bot.Bot.onFrame()V+307
j  bwapi.AIModule.onFrame()V+11
v  ~StubRoutines::call_stub
j  bwapi.Mirror.startGame()V+0
j  bot.Bot.run()V+15
j  problem.StarCraftBot.evaluate(Lec/EvolutionState;Lec/Individual;II)V+97
j  ec.gp.ge.GEProblem.evaluate(Lec/EvolutionState;Lec/Individual;II)V+107
j  ec.simple.SimpleEvaluator.evalPopChunk(Lec/EvolutionState;[I[IILec/simple/SimpleProblemForm;)V+83
j  ec.simple.SimpleEvaluator.evaluatePopulation(Lec/EvolutionState;)V+133
j  ec.simple.SimpleEvolutionState.evolve()I+49
j  ec.EvolutionState.run(I)V+23
j  ec.Evolve.main([Ljava/lang/String;)V+278
j  problem.StarCraftBot.run()V+3
j  problem.StarCraftBot.main([Ljava/lang/String;)V+4
v  ~StubRoutines::call_stub

---------------  P R O C E S S  ---------------

Java Threads: ( => current thread )
  0x14496400 JavaThread "Service Thread" daemon [_thread_blocked, id=2152, stack(0x14870000,0x148c0000)]
  0x14473c00 JavaThread "C1 CompilerThread0" daemon [_thread_blocked, id=3532, stack(0x14770000,0x147c0000)]
  0x14472400 JavaThread "Attach Listener" daemon [_thread_blocked, id=2208, stack(0x03f80000,0x03fd0000)]
  0x14471000 JavaThread "Signal Dispatcher" daemon [_thread_blocked, id=2340, stack(0x14660000,0x146b0000)]
  0x14461400 JavaThread "Finalizer" daemon [_thread_blocked, id=2560, stack(0x011d0000,0x01220000)]
  0x0101a800 JavaThread "Reference Handler" daemon [_thread_blocked, id=352, stack(0x010f0000,0x01140000)]
=>0x00c48400 JavaThread "main" [_thread_in_native, id=1316, stack(0x00250000,0x002a0000)]

Other Threads:
  0x01016000 VMThread [stack: 0x01150000,0x011a0000] [id=2320]
  0x144abc00 WatcherThread [stack: 0x14720000,0x14770000] [id=1960]

VM state:not at safepoint (normal execution)

VM Mutex/Monitor currently owned by a thread: None

Heap:
 def new generation   total 4928K, used 688K [0x04000000, 0x04550000, 0x09550000)
  eden space 4416K,   4% used [0x04000000, 0x0402c2c0, 0x04450000)
  from space 512K, 100% used [0x044d0000, 0x04550000, 0x04550000)
  to   space 512K,   0% used [0x04450000, 0x04450000, 0x044d0000)
 tenured generation   total 10944K, used 992K [0x09550000, 0x0a000000, 0x14000000)
   the space 10944K,   9% used [0x09550000, 0x09648130, 0x09648200, 0x0a000000)
 Metaspace       used 2856K, capacity 3080K, committed 3136K, reserved 4480K

Card table byte_map: [0x00ba0000,0x00c30000] byte_map_base: 0x00b80000

Polling page: 0x00180000

CodeCache: size=32768Kb used=831Kb max_used=831Kb free=31936Kb
 bounds [0x01f20000, 0x01ff0000, 0x03f20000]
 total_blobs=260 nmethods=110 adapters=81
 compilation: enabled

Compilation events (10 events):
Event: 3.857 Thread 0x14473c00  106             java.util.zip.ZStreamRef::address (5 bytes)
Event: 3.857 Thread 0x14473c00 nmethod 106 0x01fef488 code [0x01fef580, 0x01fef610]
Event: 5.664 Thread 0x14473c00  107             java.lang.Long::valueOf (36 bytes)
Event: 5.664 Thread 0x14473c00 nmethod 107 0x01fef648 code [0x01fef750, 0x01fef8d0]
Event: 5.664 Thread 0x14473c00  108             java.lang.Long::<init> (10 bytes)
Event: 5.664 Thread 0x14473c00 nmethod 108 0x01fefa08 code [0x01fefb00, 0x01fefb90]
Event: 5.665 Thread 0x14473c00  109             java.lang.Long::hashCode (8 bytes)
Event: 5.665 Thread 0x14473c00 nmethod 109 0x01fefbc8 code [0x01fefcc0, 0x01fefd60]
Event: 5.665 Thread 0x14473c00  110             java.lang.Long::hashCode (8 bytes)
Event: 5.667 Thread 0x14473c00 nmethod 110 0x01fefdc8 code [0x01fefec0, 0x01feff60]

GC Heap History (2 events):
Event: 5.665 GC heap before
{Heap before GC invocations=0 (full 0):
 def new generation   total 4928K, used 4416K [0x04000000, 0x04550000, 0x09550000)
  eden space 4416K, 100% used [0x04000000, 0x04450000, 0x04450000)
  from space 512K,   0% used [0x04450000, 0x04450000, 0x044d0000)
  to   space 512K,   0% used [0x044d0000, 0x044d0000, 0x04550000)
 tenured generation   total 10944K, used 0K [0x09550000, 0x0a000000, 0x14000000)
   the space 10944K,   0% used [0x09550000, 0x09550000, 0x09550200, 0x0a000000)
 Metaspace       used 2853K, capacity 3080K, committed 3136K, reserved 4480K
Event: 5.667 GC heap after
Heap after GC invocations=1 (full 0):
 def new generation   total 4928K, used 512K [0x04000000, 0x04550000, 0x09550000)
  eden space 4416K,   0% used [0x04000000, 0x04000000, 0x04450000)
  from space 512K, 100% used [0x044d0000, 0x04550000, 0x04550000)
  to   space 512K,   0% used [0x04450000, 0x04450000, 0x044d0000)
 tenured generation   total 10944K, used 992K [0x09550000, 0x0a000000, 0x14000000)
   the space 10944K,   9% used [0x09550000, 0x09648130, 0x09648200, 0x0a000000)
 Metaspace       used 2853K, capacity 3080K, committed 3136K, reserved 4480K
}

Deoptimization events (0 events):
No events

Internal exceptions (2 events):
Event: 0.049 Thread 0x00c48400 Exception <a 'java/lang/NoSuchMethodError': Method sun.misc.Unsafe.defineClass(Ljava/lang/String;[BII)Ljava/lang/Class; name or signature does not match> (0x04006e98) thrown at [C:\workspace\8-2-build-windows-i586-cygwin\jdk8u121\8372\hotspot\src\share\vm
Event: 0.049 Thread 0x00c48400 Exception <a 'java/lang/NoSuchMethodError': Method sun.misc.Unsafe.prefetchRead(Ljava/lang/Object;J)V name or signature does not match> (0x04007168) thrown at [C:\workspace\8-2-build-windows-i586-cygwin\jdk8u121\8372\hotspot\src\share\vm\prims\jni.cpp, li

Events (10 events):
Event: 4.946 loading class bwta/BWTA
Event: 4.946 loading class bwta/BWTA done
Event: 5.662 loading class support/Tuple
Event: 5.662 loading class support/Tuple done
Event: 5.665 Executing VM operation: GenCollectForAllocation
Event: 5.667 Executing VM operation: GenCollectForAllocation done
Event: 5.668 Executing VM operation: RevokeBias
Event: 5.668 Executing VM operation: RevokeBias done
Event: 5.670 loading class java/util/ArrayList$Itr
Event: 5.670 loading class java/util/ArrayList$Itr done


Dynamic libraries:
0x012e0000 - 0x01313000 	C:\Program Files\Java\jre1.8.0_121\bin\javaw.exe
0x76ed0000 - 0x77217000 	C:\Windows\SYSTEM32\ntdll.dll
0x74f90000 - 0x7506c000 	C:\Windows\system32\kernel32.dll
0x74e60000 - 0x74ea9000 	C:\Windows\system32\KERNELBASE.dll
0x751f0000 - 0x7529b000 	C:\Windows\system32\ADVAPI32.dll
0x74eb0000 - 0x74f8b000 	C:\Windows\system32\msvcrt.dll
0x75540000 - 0x75562000 	C:\Windows\SYSTEM32\sechost.dll
0x75450000 - 0x75539000 	C:\Windows\system32\RPCRT4.dll
0x755d0000 - 0x756b1000 	C:\Windows\system32\USER32.dll
0x772e0000 - 0x7734f000 	C:\Windows\system32\GDI32.dll
0x751e0000 - 0x751ec000 	C:\Windows\system32\LPK.dll
0x756c0000 - 0x75798000 	C:\Windows\system32\USP10.dll
0x737b0000 - 0x739a8000 	C:\Windows\WinSxS\x86_microsoft.windows.common-controls_6595b64144ccf1df_6.0.7601.17514_none_41e6975e2bd6f2b2\COMCTL32.dll
0x752a0000 - 0x75322000 	C:\Windows\system32\SHLWAPI.dll
0x757d0000 - 0x757f8000 	C:\Windows\system32\IMM32.DLL
0x75070000 - 0x75184000 	C:\Windows\system32\MSCTF.dll
0x67e10000 - 0x67ecf000 	C:\Program Files\Java\jre1.8.0_121\bin\msvcr100.dll
0x67ed0000 - 0x6829e000 	C:\Program Files\Java\jre1.8.0_121\bin\client\jvm.dll
0x71390000 - 0x71397000 	C:\Windows\system32\WSOCK32.dll
0x75570000 - 0x755c2000 	C:\Windows\system32\WS2_32.dll
0x77220000 - 0x77226000 	C:\Windows\system32\NSI.dll
0x6e780000 - 0x6e7b7000 	C:\Windows\system32\WINMM.dll
0x74010000 - 0x74019000 	C:\Windows\system32\VERSION.dll
0x77510000 - 0x77515000 	C:\Windows\system32\PSAPI.DLL
0x67e00000 - 0x67e0c000 	C:\Program Files\Java\jre1.8.0_121\bin\verify.dll
0x67dd0000 - 0x67df1000 	C:\Program Files\Java\jre1.8.0_121\bin\java.dll
0x67db0000 - 0x67dc3000 	C:\Program Files\Java\jre1.8.0_121\bin\zip.dll
0x76140000 - 0x76ec5000 	C:\Windows\system32\SHELL32.dll
0x75b30000 - 0x75d56000 	C:\Windows\system32\ole32.dll
0x74b40000 - 0x74b4b000 	C:\Windows\system32\profapi.dll
0x5edc0000 - 0x5f046000 	E:\StarCraft-GPBot\GPBot\bwapi_bridge2_5.dll
0x6acc0000 - 0x6ad27000 	E:\StarCraft-GPBot\GPBot\libgmp-10.dll
0x6f540000 - 0x6f59e000 	E:\StarCraft-GPBot\GPBot\libmpfr-4.dll
0x62630000 - 0x626a1000 	C:\Program Files\Java\jre1.8.0_121\bin\MSVCP120.dll
0x60e20000 - 0x60f0e000 	C:\Program Files\Java\jre1.8.0_121\bin\MSVCR120.dll
0x67ca0000 - 0x67d90000 	C:\Windows\system32\dbghelp.dll

VM Arguments:
jvm_args: -Dfile.encoding=Cp1252 
java_command: problem.StarCraftBot -file kaiji.params -p gp.tree.print-style=latex
java_class_path (initial): E:\StarCraft-GPBot\GPBot\bin;C:\Users\improperio\Downloads\ecj.23.jar;C:\Users\improperio\Downloads\ExampleBot2_5\ExampleBot\lib\bwmirror_v2_5.jar
Launcher Type: SUN_STANDARD

Environment Variables:
PATH=C:/Program Files/Java/jre1.8.0_121/bin/client;C:/Program Files/Java/jre1.8.0_121/bin;C:/Program Files/Java/jre1.8.0_121/lib/i386;C:\ProgramData\Oracle\Java\javapath;C:\Windows\system32;C:\Windows;C:\Windows\System32\Wbem;C:\Windows\System32\WindowsPowerShell\v1.0\;C:\Windows\system32;
USERNAME=improperio
OS=Windows_NT
PROCESSOR_IDENTIFIER=x86 Family 6 Model 60 Stepping 3, GenuineIntel



---------------  S Y S T E M  ---------------

OS: Windows 7 Build 7601 (6.1.7601.17514)

CPU:total 4 (4 cores per cpu, 1 threads per core) family 6 model 60 stepping 3, cmov, cx8, fxsr, mmx, sse, sse2, sse3, ssse3, sse4.1, sse4.2, popcnt, avx, aes, clmul, lzcnt, tsc, tscinvbit

Memory: 4k page, physical 3669560k(2027912k free), swap 7338512k(5594132k free)

vm_info: Java HotSpot(TM) Client VM (25.121-b13) for windows-x86 JRE (1.8.0_121-b13), built on Dec 12 2016 18:17:00 by "java_re" with MS VC++ 10.0 (VS2010)

time: Tue Apr 11 19:53:03 2017
elapsed time: 5 seconds (0d 0h 0m 5s)

